#
# There is insufficient memory for the Java Runtime Environment to continue.
# Native memory allocation (malloc) failed to allocate 1394336 bytes for Chunk::new
# Possible reasons:
#   The system is out of physical RAM or swap space
#   In 32 bit mode, the process size limit was hit
# Possible solutions:
#   Reduce memory load on the system
#   Increase physical memory or swap space
#   Check if swap backing store is full
#   Use 64 bit Java on a 64 bit OS
#   Decrease Java heap size (-Xmx/-Xms)
#   Decrease number of Java threads
#   Decrease Java thread stack sizes (-Xss)
#   Set larger code cache with -XX:ReservedCodeCacheSize=
# This output file may be truncated or incomplete.
#
#  Out of Memory Error (allocation.cpp:390), pid=19728, tid=17264
#
# JRE version: Java(TM) SE Runtime Environment (8.0_25-b18) (build 1.8.0_25-b18)
# Java VM: Java HotSpot(TM) 64-Bit Server VM (25.25-b02 mixed mode windows-amd64 compressed oops)
# Failed to write core dump. Minidumps are not enabled by default on client versions of Windows
#

---------------  T H R E A D  ---------------

Current thread (0x0000000016fc6000):  JavaThread "C2 CompilerThread0" daemon [_thread_in_native, id=17264, stack(0x00000000175a0000,0x00000000176a0000)]

Stack: [0x00000000175a0000,0x00000000176a0000]
Native frames: (J=compiled Java code, j=interpreted, Vv=VM code, C=native code)
V  [jvm.dll+0x31667a]
V  [jvm.dll+0x267073]
V  [jvm.dll+0x267cb3]
V  [jvm.dll+0x25f5b5]
V  [jvm.dll+0xbf165]
V  [jvm.dll+0xbf60c]
V  [jvm.dll+0x45d672]
V  [jvm.dll+0x49e8ef]
V  [jvm.dll+0x452b41]
V  [jvm.dll+0x453864]
V  [jvm.dll+0x437372]
V  [jvm.dll+0x98a02]
V  [jvm.dll+0x991f3]
V  [jvm.dll+0x22bde4]
V  [jvm.dll+0x2852fa]
C  [msvcr100.dll+0x21d9f]
C  [msvcr100.dll+0x21e3b]
C  [KERNEL32.DLL+0x18102]
C  [ntdll.dll+0x5c5b4]


Current CompileTask:
C2:   4565 1854       4       com.android.dx.ssa.SsaRenamer$BlockRenamer::process (191 bytes)


---------------  P R O C E S S  ---------------

Java Threads: ( => current thread )
  0x0000000017378800 JavaThread "pool-1-thread-4" [_thread_blocked, id=760, stack(0x00000000187a0000,0x00000000188a0000)]
  0x00000000172bd000 JavaThread "pool-1-thread-3" [_thread_in_Java, id=8888, stack(0x00000000186a0000,0x00000000187a0000)]
  0x00000000172af000 JavaThread "pool-1-thread-2" [_thread_blocked, id=21728, stack(0x00000000185a0000,0x00000000186a0000)]
  0x0000000017bbb000 JavaThread "pool-2-thread-1" [_thread_blocked, id=8640, stack(0x00000000184a0000,0x00000000185a0000)]
  0x0000000017c87800 JavaThread "pool-1-thread-1" [_thread_blocked, id=10912, stack(0x00000000183a0000,0x00000000184a0000)]
  0x0000000017038800 JavaThread "Service Thread" daemon [_thread_blocked, id=19328, stack(0x00000000179a0000,0x0000000017aa0000)]
  0x0000000016fd2800 JavaThread "C1 CompilerThread3" daemon [_thread_in_native, id=13932, stack(0x00000000178a0000,0x00000000179a0000)]
  0x0000000016fcd000 JavaThread "C2 CompilerThread2" daemon [_thread_in_native, id=22016, stack(0x00000000177a0000,0x00000000178a0000)]
  0x0000000016fc9000 JavaThread "C2 CompilerThread1" daemon [_thread_in_native, id=15884, stack(0x00000000176a0000,0x00000000177a0000)]
=>0x0000000016fc6000 JavaThread "C2 CompilerThread0" daemon [_thread_in_native, id=17264, stack(0x00000000175a0000,0x00000000176a0000)]
  0x0000000016fc4800 JavaThread "Attach Listener" daemon [_thread_blocked, id=11068, stack(0x00000000174a0000,0x00000000175a0000)]
  0x0000000016fc4000 JavaThread "Signal Dispatcher" daemon [_thread_blocked, id=17880, stack(0x00000000173a0000,0x00000000174a0000)]
  0x00000000024a7800 JavaThread "Finalizer" daemon [_thread_blocked, id=3536, stack(0x0000000016ea0000,0x0000000016fa0000)]
  0x0000000014fcc800 JavaThread "Reference Handler" daemon [_thread_blocked, id=12296, stack(0x0000000016da0000,0x0000000016ea0000)]
  0x00000000023b0800 JavaThread "main" [_thread_blocked, id=17044, stack(0x00000000021d0000,0x00000000022d0000)]

Other Threads:
  0x0000000014fc8800 VMThread [stack: 0x0000000016ca0000,0x0000000016da0000] [id=17144]
  0x0000000017042800 WatcherThread [stack: 0x0000000017aa0000,0x0000000017ba0000] [id=20796]

VM state:not at safepoint (normal execution)

VM Mutex/Monitor currently owned by a thread: None

Heap:
 PSYoungGen      total 141824K, used 62501K [0x00000000eab00000, 0x00000000f4000000, 0x0000000100000000)
  eden space 131072K, 39% used [0x00000000eab00000,0x00000000edd8d4b0,0x00000000f2b00000)
  from space 10752K, 99% used [0x00000000f3580000,0x00000000f3ffc0f8,0x00000000f4000000)
  to   space 10752K, 0% used [0x00000000f2b00000,0x00000000f2b00000,0x00000000f3580000)
 ParOldGen       total 175104K, used 5552K [0x00000000c0000000, 0x00000000cab00000, 0x00000000eab00000)
  object space 175104K, 3% used [0x00000000c0000000,0x00000000c056c308,0x00000000cab00000)
 Metaspace       used 6267K, capacity 7152K, committed 7296K, reserved 1056768K
  class space    used 595K, capacity 616K, committed 640K, reserved 1048576K

Card table byte_map: [0x0000000011870000,0x0000000011a80000] byte_map_base: 0x0000000011270000

Marking Bits: (ParMarkBitMap*) 0x000000005bebd490
 Begin Bits: [0x00000000123e0000, 0x00000000133e0000)
 End Bits:   [0x00000000133e0000, 0x00000000143e0000)

Polling page: 0x0000000000530000

CodeCache: size=245760Kb used=8168Kb max_used=8168Kb free=237591Kb
 bounds [0x00000000024b0000, 0x0000000002cc0000, 0x00000000114b0000]
 total_blobs=2111 nmethods=1846 adapters=178
 compilation: enabled

Compilation events (10 events):
Event: 4.127 Thread 0x0000000016fcd000 nmethod 1842 0x0000000002c94050 code [0x0000000002c941c0, 0x0000000002c94558]
Event: 4.127 Thread 0x0000000016fcd000 1843       4       com.android.dx.ssa.SsaRenamer$1::visitBlock (16 bytes)
Event: 4.255 Thread 0x0000000016fd2800 1879       2       com.android.dx.ssa.PhiTypeResolver::resolveResultType (308 bytes)
Event: 4.257 Thread 0x0000000016fd2800 nmethod 1879 0x0000000002c90d50 code [0x0000000002c91020, 0x0000000002c91e18]
Event: 4.282 Thread 0x0000000016fd2800 1884       2       com.android.dx.ssa.SsaBasicBlock::getLiveOutRegs (26 bytes)
Event: 4.282 Thread 0x0000000016fd2800 nmethod 1884 0x0000000002c93a10 code [0x0000000002c93b80, 0x0000000002c93e88]
Event: 4.400 Thread 0x0000000016fd2800 1886       2       com.android.dx.cf.attrib.AttConstantValue::<init> (71 bytes)
Event: 4.400 Thread 0x0000000016fd2800 nmethod 1886 0x0000000002c93390 code [0x0000000002c93520, 0x0000000002c93918]
Event: 4.400 Thread 0x0000000016fd2800 1887       2       com.android.dx.cf.attrib.AttConstantValue::byteLength (3 bytes)
Event: 4.400 Thread 0x0000000016fd2800 nmethod 1887 0x0000000002c93050 code [0x0000000002c931a0, 0x0000000002c932f0]

GC Heap History (4 events):
Event: 2.050 GC heap before
{Heap before GC invocations=1 (full 0):
 PSYoungGen      total 76288K, used 65536K [0x00000000eab00000, 0x00000000f0000000, 0x0000000100000000)
  eden space 65536K, 100% used [0x00000000eab00000,0x00000000eeb00000,0x00000000eeb00000)
  from space 10752K, 0% used [0x00000000ef580000,0x00000000ef580000,0x00000000f0000000)
  to   space 10752K, 0% used [0x00000000eeb00000,0x00000000eeb00000,0x00000000ef580000)
 ParOldGen       total 175104K, used 0K [0x00000000c0000000, 0x00000000cab00000, 0x00000000eab00000)
  object space 175104K, 0% used [0x00000000c0000000,0x00000000c0000000,0x00000000cab00000)
 Metaspace       used 6122K, capacity 7088K, committed 7296K, reserved 1056768K
  class space    used 593K, capacity 616K, committed 640K, reserved 1048576K
Event: 2.153 GC heap after
Heap after GC invocations=1 (full 0):
 PSYoungGen      total 76288K, used 9451K [0x00000000eab00000, 0x00000000f4000000, 0x0000000100000000)
  eden space 65536K, 0% used [0x00000000eab00000,0x00000000eab00000,0x00000000eeb00000)
  from space 10752K, 87% used [0x00000000eeb00000,0x00000000ef43ae38,0x00000000ef580000)
  to   space 10752K, 0% used [0x00000000f3580000,0x00000000f3580000,0x00000000f4000000)
 ParOldGen       total 175104K, used 16K [0x00000000c0000000, 0x00000000cab00000, 0x00000000eab00000)
  object space 175104K, 0% used [0x00000000c0000000,0x00000000c0004000,0x00000000cab00000)
 Metaspace       used 6122K, capacity 7088K, committed 7296K, reserved 1056768K
  class space    used 593K, capacity 616K, committed 640K, reserved 1048576K
}
Event: 3.191 GC heap before
{Heap before GC invocations=2 (full 0):
 PSYoungGen      total 76288K, used 74987K [0x00000000eab00000, 0x00000000f4000000, 0x0000000100000000)
  eden space 65536K, 100% used [0x00000000eab00000,0x00000000eeb00000,0x00000000eeb00000)
  from space 10752K, 87% used [0x00000000eeb00000,0x00000000ef43ae38,0x00000000ef580000)
  to   space 10752K, 0% used [0x00000000f3580000,0x00000000f3580000,0x00000000f4000000)
 ParOldGen       total 175104K, used 16K [0x00000000c0000000, 0x00000000cab00000, 0x00000000eab00000)
  object space 175104K, 0% used [0x00000000c0000000,0x00000000c0004000,0x00000000cab00000)
 Metaspace       used 6238K, capacity 7152K, committed 7296K, reserved 1056768K
  class space    used 594K, capacity 616K, committed 640K, reserved 1048576K
Event: 3.244 GC heap after
Heap after GC invocations=2 (full 0):
 PSYoungGen      total 141824K, used 10736K [0x00000000eab00000, 0x00000000f4000000, 0x0000000100000000)
  eden space 131072K, 0% used [0x00000000eab00000,0x00000000eab00000,0x00000000f2b00000)
  from space 10752K, 99% used [0x00000000f3580000,0x00000000f3ffc0f8,0x00000000f4000000)
  to   space 10752K, 0% used [0x00000000f2b00000,0x00000000f2b00000,0x00000000f3580000)
 ParOldGen       total 175104K, used 5552K [0x00000000c0000000, 0x00000000cab00000, 0x00000000eab00000)
  object space 175104K, 3% used [0x00000000c0000000,0x00000000c056c308,0x00000000cab00000)
 Metaspace       used 6238K, capacity 7152K, committed 7296K, reserved 1056768K
  class space    used 594K, capacity 616K, committed 640K, reserved 1048576K
}

Deoptimization events (10 events):
Event: 2.235 Thread 0x00000000023b0800 Uncommon trap: reason=bimorphic action=maybe_recompile pc=0x0000000002724328 method=java.util.HashMap.getNode(ILjava/lang/Object;)Ljava/util/HashMap$Node; @ 126
Event: 2.235 Thread 0x00000000023b0800 Uncommon trap: reason=bimorphic action=maybe_recompile pc=0x0000000002724328 method=java.util.HashMap.getNode(ILjava/lang/Object;)Ljava/util/HashMap$Node; @ 126
Event: 2.235 Thread 0x00000000023b0800 Uncommon trap: reason=class_check action=maybe_recompile pc=0x000000000298d978 method=java.util.HashMap.putVal(ILjava/lang/Object;Ljava/lang/Object;ZZ)Ljava/lang/Object; @ 203
Event: 2.235 Thread 0x00000000023b0800 Uncommon trap: reason=bimorphic action=maybe_recompile pc=0x00000000026ec0d0 method=java.util.HashMap.getNode(ILjava/lang/Object;)Ljava/util/HashMap$Node; @ 126
Event: 2.508 Thread 0x00000000023b0800 Uncommon trap: reason=unreached action=reinterpret pc=0x0000000002a49cb0 method=com.android.dx.ssa.SCCP.simulateBranch(Lcom/android/dx/ssa/SsaInsn;)V @ 132
Event: 2.514 Thread 0x00000000023b0800 Uncommon trap: reason=unloaded action=reinterpret pc=0x0000000002afd890 method=com.android.dx.ssa.LiteralOpUpgrader$1.visitNonMoveInsn(Lcom/android/dx/ssa/NormalSsaInsn;)V @ 72
Event: 2.515 Thread 0x00000000023b0800 Uncommon trap: reason=unreached action=reinterpret pc=0x000000000295541c method=com.android.dx.ssa.SsaMethod.updateOneDefinition(Lcom/android/dx/ssa/SsaInsn;Lcom/android/dx/rop/code/RegisterSpec;)V @ 4
Event: 2.678 Thread 0x00000000172af000 Uncommon trap: reason=unreached action=reinterpret pc=0x0000000002b7d7cc method=com.android.dx.ssa.SsaRenamer$BlockRenamer.process()V @ 90
Event: 3.546 Thread 0x00000000172af000 Uncommon trap: reason=bimorphic action=maybe_recompile pc=0x0000000002b97264 method=com.android.dx.cf.code.BytecodeArray.parseInstruction(ILcom/android/dx/cf/code/BytecodeArray$Visitor;)I @ 1501
Event: 3.548 Thread 0x00000000172af000 Uncommon trap: reason=bimorphic action=maybe_recompile pc=0x0000000002b97264 method=com.android.dx.cf.code.BytecodeArray.parseInstruction(ILcom/android/dx/cf/code/BytecodeArray$Visitor;)I @ 1501

Internal exceptions (10 events):
Event: 0.845 Thread 0x0000000017378800 Exception <a 'java/security/PrivilegedActionException'> (0x00000000ec61c290) thrown at [D:\re\workspace\8-2-build-windows-amd64-cygwin\jdk8u25\1677\hotspot\src\share\vm\prims\jvm.cpp, line 1312]
Event: 1.017 Thread 0x0000000017378800 Exception <a 'java/security/PrivilegedActionException'> (0x00000000ec62d578) thrown at [D:\re\workspace\8-2-build-windows-amd64-cygwin\jdk8u25\1677\hotspot\src\share\vm\prims\jvm.cpp, line 1312]
Event: 1.030 Thread 0x00000000023b0800 Exception <a 'java/security/PrivilegedActionException'> (0x00000000ec82f8c0) thrown at [D:\re\workspace\8-2-build-windows-amd64-cygwin\jdk8u25\1677\hotspot\src\share\vm\prims\jvm.cpp, line 1312]
Event: 1.031 Thread 0x00000000023b0800 Exception <a 'java/security/PrivilegedActionException'> (0x00000000ec831d68) thrown at [D:\re\workspace\8-2-build-windows-amd64-cygwin\jdk8u25\1677\hotspot\src\share\vm\prims\jvm.cpp, line 1312]
Event: 1.216 Thread 0x00000000172bd000 Exception <a 'java/security/PrivilegedActionException'> (0x00000000ecc3a1d0) thrown at [D:\re\workspace\8-2-build-windows-amd64-cygwin\jdk8u25\1677\hotspot\src\share\vm\prims\jvm.cpp, line 1312]
Event: 1.242 Thread 0x00000000172af000 Implicit null exception at 0x0000000002857d62 to 0x0000000002857e61
Event: 1.497 Thread 0x0000000017c87800 Exception <a 'java/security/PrivilegedActionException'> (0x00000000ecaf9ae8) thrown at [D:\re\workspace\8-2-build-windows-amd64-cygwin\jdk8u25\1677\hotspot\src\share\vm\prims\jvm.cpp, line 1312]
Event: 2.441 Thread 0x00000000023b0800 Exception <a 'java/security/PrivilegedActionException'> (0x00000000ec15a780) thrown at [D:\re\workspace\8-2-build-windows-amd64-cygwin\jdk8u25\1677\hotspot\src\share\vm\prims\jvm.cpp, line 1312]
Event: 2.515 Thread 0x00000000023b0800 Exception <a 'java/security/PrivilegedActionException'> (0x00000000ec1b9a10) thrown at [D:\re\workspace\8-2-build-windows-amd64-cygwin\jdk8u25\1677\hotspot\src\share\vm\prims\jvm.cpp, line 1312]
Event: 4.115 Thread 0x00000000023b0800 Exception <a 'java/security/PrivilegedActionException'> (0x00000000eda2ed50) thrown at [D:\re\workspace\8-2-build-windows-amd64-cygwin\jdk8u25\1677\hotspot\src\share\vm\prims\jvm.cpp, line 1312]

Events (10 events):
Event: 3.781 Thread 0x00000000023b0800 DEOPT PACKING pc=0x0000000002b93c21 sp=0x00000000022ce820
Event: 3.781 Thread 0x00000000023b0800 DEOPT UNPACKING pc=0x00000000024f75bf sp=0x00000000022ce5e0 mode 0
Event: 3.789 Thread 0x00000000023b0800 DEOPT PACKING pc=0x0000000002bb1a41 sp=0x00000000022ce920
Event: 3.789 Thread 0x00000000023b0800 DEOPT UNPACKING pc=0x00000000024f75bf sp=0x00000000022ce730 mode 0
Event: 3.790 Thread 0x0000000017378800 DEOPT PACKING pc=0x00000000028dd503 sp=0x000000001889e6f0
Event: 3.790 Thread 0x0000000017378800 DEOPT UNPACKING pc=0x00000000024f75bf sp=0x000000001889e470 mode 0
Event: 4.114 loading class com/android/dx/rop/code/RegisterSpec$1
Event: 4.114 loading class com/android/dx/rop/code/RegisterSpec$1 done
Event: 4.134 Executing VM operation: EnableBiasedLocking
Event: 4.253 Executing VM operation: EnableBiasedLocking done


Dynamic libraries:
0x00007ff789960000 - 0x00007ff789994000 	E:\Program Files\Java\jdk1.8.0_25\bin\java.exe
0x00007ff898020000 - 0x00007ff8981e1000 	C:\WINDOWS\SYSTEM32\ntdll.dll
0x00007ff8977f0000 - 0x00007ff89789d000 	C:\WINDOWS\system32\KERNEL32.DLL
0x00007ff894760000 - 0x00007ff894948000 	C:\WINDOWS\system32\KERNELBASE.dll
0x00007ff897b20000 - 0x00007ff897bc7000 	C:\WINDOWS\system32\ADVAPI32.dll
0x00007ff895e30000 - 0x00007ff895ecd000 	C:\WINDOWS\system32\msvcrt.dll
0x00007ff897a20000 - 0x00007ff897a7b000 	C:\WINDOWS\system32\sechost.dll
0x00007ff897630000 - 0x00007ff89774c000 	C:\WINDOWS\system32\RPCRT4.dll
0x00007ff897ec0000 - 0x00007ff898016000 	C:\WINDOWS\system32\USER32.dll
0x00007ff8955f0000 - 0x00007ff895776000 	C:\WINDOWS\system32\GDI32.dll
0x00007ff88f180000 - 0x00007ff88f3f4000 	C:\WINDOWS\WinSxS\amd64_microsoft.windows.common-controls_6595b64144ccf1df_6.0.10586.0_none_8c15ae12515e1c22\COMCTL32.dll
0x00007ff897be0000 - 0x00007ff897e5d000 	C:\WINDOWS\system32\combase.dll
0x00007ff8946d0000 - 0x00007ff89473a000 	C:\WINDOWS\system32\bcryptPrimitives.dll
0x00007ff8977b0000 - 0x00007ff8977eb000 	C:\WINDOWS\system32\IMM32.DLL
0x00007ff894530000 - 0x00007ff894561000 	C:\Windows\system32\nvinitx.dll
0x00007ff894520000 - 0x00007ff89452a000 	C:\WINDOWS\SYSTEM32\VERSION.dll
0x00007ff892570000 - 0x00007ff8925fd000 	C:\WINDOWS\system32\NV\igdumd64.dll
0x00007ff895780000 - 0x00007ff895ba9000 	C:\WINDOWS\system32\SETUPAPI.dll
0x00007ff894b50000 - 0x00007ff894b93000 	C:\WINDOWS\system32\CFGMGR32.dll
0x00007ff8924c0000 - 0x00007ff89254d000 	C:\WINDOWS\system32\NV\igd10umd64.dll
0x00007ff894270000 - 0x00007ff89429d000 	C:\WINDOWS\SYSTEM32\SspiCli.dll
0x00007ff893ae0000 - 0x00007ff893b11000 	C:\WINDOWS\SYSTEM32\ntmarta.dll
0x000000005b420000 - 0x000000005b4f2000 	E:\Program Files\Java\jdk1.8.0_25\jre\bin\msvcr100.dll
0x000000005b6e0000 - 0x000000005bf3a000 	E:\Program Files\Java\jdk1.8.0_25\jre\bin\server\jvm.dll
0x00007ff897bd0000 - 0x00007ff897bd8000 	C:\WINDOWS\system32\PSAPI.DLL
0x00007ff8927a0000 - 0x00007ff8927c3000 	C:\WINDOWS\SYSTEM32\WINMM.dll
0x00007ff88f450000 - 0x00007ff88f459000 	C:\WINDOWS\SYSTEM32\WSOCK32.dll
0x00007ff897a80000 - 0x00007ff897aeb000 	C:\WINDOWS\system32\WS2_32.dll
0x00007ff892770000 - 0x00007ff89279c000 	C:\WINDOWS\SYSTEM32\WINMMBASE.dll
0x000000005c370000 - 0x000000005c37f000 	E:\Program Files\Java\jdk1.8.0_25\jre\bin\verify.dll
0x000000005c340000 - 0x000000005c368000 	E:\Program Files\Java\jdk1.8.0_25\jre\bin\java.dll
0x000000005c320000 - 0x000000005c336000 	E:\Program Files\Java\jdk1.8.0_25\jre\bin\zip.dll
0x00007ff8960d0000 - 0x00007ff89762c000 	C:\WINDOWS\system32\SHELL32.dll
0x00007ff894d70000 - 0x00007ff8953b5000 	C:\WINDOWS\system32\windows.storage.dll
0x00007ff897e60000 - 0x00007ff897eb2000 	C:\WINDOWS\system32\shlwapi.dll
0x00007ff894660000 - 0x00007ff89466f000 	C:\WINDOWS\system32\kernel.appcore.dll
0x00007ff894a90000 - 0x00007ff894b45000 	C:\WINDOWS\system32\shcore.dll
0x00007ff894670000 - 0x00007ff8946bb000 	C:\WINDOWS\system32\powrprof.dll
0x00007ff894640000 - 0x00007ff894654000 	C:\WINDOWS\system32\profapi.dll
0x00007ff876c60000 - 0x00007ff876dec000 	C:\WINDOWS\SYSTEM32\dbghelp.dll

VM Arguments:
jvm_args: -Djava.awt.headless=true -Xmx1024M -Dfile.encoding=windows-1251 -Duser.country=RU -Duser.language=ru -Duser.variant 
java_command: com.android.dx.command.Main --dex --num-threads=4 --output E:\Android\Tutorials\Yalantis1\app\build\intermediates\pre-dexed\debug\com.android.support-support-v4-23.2.0_c214f74508cefe540af3d583e8766fc890d5db2e.jar E:\Android\Tutorials\Yalantis1\app\build\intermediates\exploded-aar\com.android.support\support-v4\23.2.0\jars\classes.jar
java_class_path (initial): E:\Android\sdk\build-tools\23.0.2\lib\dx.jar
Launcher Type: SUN_STANDARD

Environment Variables:
JAVA_HOME=E:\Program Files\Java\jdk1.8.0_25
PATH=C:\ProgramData\Oracle\Java\javapath;C:\WINDOWS\system32;C:\WINDOWS;C:\WINDOWS\System32\Wbem;C:\WINDOWS\System32\WindowsPowerShell\v1.0\;C:\Program Files (x86)\Windows Live\Shared;C:\Program Files (x86)\WinSCP\;E:\Program Files\Git\cmd;E:\Program Files (x86)\QuickTime\QTSystem\;E:\Program Files (x86)\EaseUS\Todo Backup\bin;C:\WINDOWS\system32;C:\WINDOWS;C:\WINDOWS\System32\Wbem;C:\WINDOWS\System32\WindowsPowerShell\v1.0\;C:\Program Files (x86)\NVIDIA Corporation\PhysX\Common;C:\Program Files (x86)\Skype\Phone\;E:\Program Files\nodejs\;C:\Users\Roman\AppData\Roaming\npm;E:\Program Files (x86)\EaseUS\Todo Backup\bin\x64\
USERNAME=Roman
OS=Windows_NT
PROCESSOR_IDENTIFIER=Intel64 Family 6 Model 42 Stepping 7, GenuineIntel



---------------  S Y S T E M  ---------------

OS: Windows 8.1 , 64 bit Build 9600 

CPU:total 8 (4 cores per cpu, 2 threads per core) family 6 model 42 stepping 7, cmov, cx8, fxsr, mmx, sse, sse2, sse3, ssse3, sse4.1, sse4.2, popcnt, avx, aes, clmul, ht, tsc, tscinvbit

Memory: 4k page, physical 16719724k(5821540k free), swap 16719724k(8504k free)

vm_info: Java HotSpot(TM) 64-Bit Server VM (25.25-b02) for windows-amd64 JRE (1.8.0_25-b18), built on Oct  7 2014 14:25:37 by "java_re" with MS VC++ 10.0 (VS2010)

time: Sun Mar 27 14:08:33 2016
elapsed time: 4 seconds (0d 0h 0m 4s)

